<?xml version="1.0" encoding="UTF-8"?>
<!-- Generated by org.testng.reporters.JUnitXMLReporter -->
<testsuite ignored="0" hostname="DESKTOP-BFTUROD" failures="1" tests="1" name="Test1" time="95.902" errors="0" timestamp="2023-08-13T00:10:54 IST">
  <testcase classname="TestNGParallel.AmazoneDistributed" name="amazone" time="95.547">
    <failure type="org.openqa.selenium.WebDriverException" message="unknown error: DevToolsActivePort file doesn&amp;apos;t exist
Build info: version: &amp;apos;3.141.59&amp;apos;, revision: &amp;apos;e82be7d358&amp;apos;, time: &amp;apos;2018-11-14T08:25:48&amp;apos;
System info: host: &amp;apos;DESKTOP-BFTUROD&amp;apos;, ip: &amp;apos;192.168.1.15&amp;apos;, os.name: &amp;apos;Windows 10&amp;apos;, os.arch: &amp;apos;amd64&amp;apos;, os.version: &amp;apos;10.0&amp;apos;, java.version: &amp;apos;20.0.1&amp;apos;
Driver info: driver.version: ChromeDriver
remote stacktrace: Backtrace:
	GetHandleVerifier [0x00CDA813+48355]
	(No symbol) [0x00C6C4B1]
	(No symbol) [0x00B75358]
	(No symbol) [0x00B95714]
	(No symbol) [0x00B91DA1]
	(No symbol) [0x00B90579]
	(No symbol) [0x00BC0C55]
	(No symbol) [0x00BC093C]
	(No symbol) [0x00BBA536]
	(No symbol) [0x00B982DC]
	(No symbol) [0x00B993DD]
	GetHandleVerifier [0x00F3AABD+2539405]
	GetHandleVerifier [0x00F7A78F+2800735]
	GetHandleVerifier [0x00F7456C+2775612]
	GetHandleVerifier [0x00D651E0+616112]
	(No symbol) [0x00C75F8C]
	(No symbol) [0x00C72328]
	(No symbol) [0x00C7240B]
	(No symbol) [0x00C64FF7]
	BaseThreadInitThunk [0x769F00C9+25]
	RtlGetAppContainerNamedObjectPath [0x77257B1E+286]
	RtlGetAppContainerNamedObjectPath [0x77257AEE+238]
">
      <![CDATA[org.openqa.selenium.WebDriverException: unknown error: DevToolsActivePort file doesn't exist
Build info: version: '3.141.59', revision: 'e82be7d358', time: '2018-11-14T08:25:48'
System info: host: 'DESKTOP-BFTUROD', ip: '192.168.1.15', os.name: 'Windows 10', os.arch: 'amd64', os.version: '10.0', java.version: '20.0.1'
Driver info: driver.version: ChromeDriver
remote stacktrace: Backtrace:
GetHandleVerifier [0x00CDA813+48355]
(No symbol) [0x00C6C4B1]
(No symbol) [0x00B75358]
(No symbol) [0x00B95714]
(No symbol) [0x00B91DA1]
(No symbol) [0x00B90579]
(No symbol) [0x00BC0C55]
(No symbol) [0x00BC093C]
(No symbol) [0x00BBA536]
(No symbol) [0x00B982DC]
(No symbol) [0x00B993DD]
GetHandleVerifier [0x00F3AABD+2539405]
GetHandleVerifier [0x00F7A78F+2800735]
GetHandleVerifier [0x00F7456C+2775612]
GetHandleVerifier [0x00D651E0+616112]
(No symbol) [0x00C75F8C]
(No symbol) [0x00C72328]
(No symbol) [0x00C7240B]
(No symbol) [0x00C64FF7]
BaseThreadInitThunk [0x769F00C9+25]
RtlGetAppContainerNamedObjectPath [0x77257B1E+286]
RtlGetAppContainerNamedObjectPath [0x77257AEE+238]

at org.openqa.selenium.remote.W3CHandshakeResponse.lambda$errorHandler$0(W3CHandshakeResponse.java:62)
at org.openqa.selenium.remote.HandshakeResponse.lambda$getResponseFunction$0(HandshakeResponse.java:30)
at org.openqa.selenium.remote.ProtocolHandshake.lambda$createSession$0(ProtocolHandshake.java:126)
at java.base/java.util.stream.ReferencePipeline$3$1.accept(ReferencePipeline.java:197)
at java.base/java.util.Spliterators$ArraySpliterator.tryAdvance(Spliterators.java:1016)
at java.base/java.util.stream.ReferencePipeline.forEachWithCancel(ReferencePipeline.java:129)
at java.base/java.util.stream.AbstractPipeline.copyIntoWithCancel(AbstractPipeline.java:527)
at java.base/java.util.stream.AbstractPipeline.copyInto(AbstractPipeline.java:513)
at java.base/java.util.stream.AbstractPipeline.wrapAndCopyInto(AbstractPipeline.java:499)
at java.base/java.util.stream.FindOps$FindOp.evaluateSequential(FindOps.java:150)
at java.base/java.util.stream.AbstractPipeline.evaluate(AbstractPipeline.java:234)
at java.base/java.util.stream.ReferencePipeline.findFirst(ReferencePipeline.java:647)
at org.openqa.selenium.remote.ProtocolHandshake.createSession(ProtocolHandshake.java:128)
at org.openqa.selenium.remote.ProtocolHandshake.createSession(ProtocolHandshake.java:74)
at org.openqa.selenium.remote.HttpCommandExecutor.execute(HttpCommandExecutor.java:136)
at org.openqa.selenium.remote.service.DriverCommandExecutor.execute(DriverCommandExecutor.java:83)
at org.openqa.selenium.remote.RemoteWebDriver.execute(RemoteWebDriver.java:552)
at org.openqa.selenium.remote.RemoteWebDriver.startSession(RemoteWebDriver.java:213)
at org.openqa.selenium.remote.RemoteWebDriver.<init>(RemoteWebDriver.java:131)
at org.openqa.selenium.chrome.ChromeDriver.<init>(ChromeDriver.java:181)
at org.openqa.selenium.chrome.ChromeDriver.<init>(ChromeDriver.java:168)
at org.openqa.selenium.chrome.ChromeDriver.<init>(ChromeDriver.java:123)
at TestNGParallel.AmazoneDistributed.amazone(AmazoneDistributed.java:13)
at java.base/java.util.ArrayList.forEach(ArrayList.java:1511)
at java.base/java.util.concurrent.FutureTask.run(FutureTask.java:317)
at java.base/java.util.concurrent.ThreadPoolExecutor.runWorker(ThreadPoolExecutor.java:1144)
at java.base/java.util.concurrent.ThreadPoolExecutor$Worker.run(ThreadPoolExecutor.java:642)
at java.base/java.lang.Thread.run(Thread.java:1623)
... Removed 18 stack frames]]>
    </failure>
  </testcase> <!-- amazone -->
</testsuite> <!-- Test1 -->
